<?xml version="1.0" encoding="UTF-8" ?>
<testsuite tests="34" failures="0" name="com.adcatin.runner.TestRunner" time="0.017" errors="0" skipped="0">
  <properties>
    <property name="java.runtime.name" value="OpenJDK Runtime Environment"/>
    <property name="java.vm.version" value="14.0.2+12-46"/>
    <property name="sun.boot.library.path" value="C:\Users\sathish\.p2\pool\plugins\org.eclipse.justj.openjdk.hotspot.jre.full.win32.x86_64_14.0.2.v20200815-0932\jre\bin"/>
    <property name="maven.multiModuleProjectDirectory" value="C:\Users\sathish\eclipse-workspace\AdactinProject"/>
    <property name="java.vm.vendor" value="Oracle Corporation"/>
    <property name="java.vendor.url" value="https://java.oracle.com/"/>
    <property name="guice.disable.misplaced.annotation.check" value="true"/>
    <property name="path.separator" value=";"/>
    <property name="java.vm.name" value="OpenJDK 64-Bit Server VM"/>
    <property name="sun.os.patch.level" value=""/>
    <property name="user.script" value=""/>
    <property name="user.country" value="US"/>
    <property name="sun.java.launcher" value="SUN_STANDARD"/>
    <property name="java.vm.specification.name" value="Java Virtual Machine Specification"/>
    <property name="user.dir" value="C:\Users\sathish\eclipse-workspace\AdactinProject"/>
    <property name="java.vm.compressedOopsMode" value="32-bit"/>
    <property name="java.runtime.version" value="14.0.2+12-46"/>
    <property name="os.arch" value="amd64"/>
    <property name="java.io.tmpdir" value="C:\Users\sathish\AppData\Local\Temp\"/>
    <property name="line.separator" value="
"/>
    <property name="java.vm.specification.vendor" value="Oracle Corporation"/>
    <property name="user.variant" value=""/>
    <property name="os.name" value="Windows 10"/>
    <property name="classworlds.conf" value="C:\Users\sathish\eclipse-workspace\.metadata\.plugins\org.eclipse.m2e.launching\launches\m2conf2256631171638949808.tmp"/>
    <property name="sun.jnu.encoding" value="Cp1252"/>
    <property name="java.library.path" value="C:\Users\sathish\.p2\pool\plugins\org.eclipse.justj.openjdk.hotspot.jre.full.win32.x86_64_14.0.2.v20200815-0932\jre\bin;C:\WINDOWS\Sun\Java\bin;C:\WINDOWS\system32;C:\WINDOWS;C:/Users/sathish/.p2/pool/plugins/org.eclipse.justj.openjdk.hotspot.jre.full.win32.x86_64_14.0.2.v20200815-0932/jre/bin/server;C:/Users/sathish/.p2/pool/plugins/org.eclipse.justj.openjdk.hotspot.jre.full.win32.x86_64_14.0.2.v20200815-0932/jre/bin;C:\Program Files (x86)\Common Files\Oracle\Java\javapath;C:\Program Files\Java\jdk1.8.0_261;C:\Maven\apache-maven-3.6.3\bin;C:\Users\sathish\AppData\Local\Microsoft\WindowsApps;C:\Program Files\Java\jdk1.8.0_261;C:\Program Files\maven\apache-maven-3.6.3\bin;;C:\Users\sathish\Desktop;;."/>
    <property name="jdk.debug" value="release"/>
    <property name="java.class.version" value="58.0"/>
    <property name="java.specification.name" value="Java Platform API Specification"/>
    <property name="sun.management.compiler" value="HotSpot 64-Bit Tiered Compilers"/>
    <property name="os.version" value="10.0"/>
    <property name="user.home" value="C:\Users\sathish"/>
    <property name="user.timezone" value="Asia/Calcutta"/>
    <property name="file.encoding" value="Cp1252"/>
    <property name="java.specification.version" value="14"/>
    <property name="user.name" value="sathish"/>
    <property name="java.class.path" value="C:\Users\sathish\.p2\pool\plugins\org.eclipse.m2e.maven.runtime_1.16.0.20200610-1735\jars\plexus-classworlds-2.6.0.jar"/>
    <property name="java.vm.specification.version" value="14"/>
    <property name="sun.arch.data.model" value="64"/>
    <property name="sun.java.command" value="org.codehaus.plexus.classworlds.launcher.Launcher -B test"/>
    <property name="java.home" value="C:\Users\sathish\.p2\pool\plugins\org.eclipse.justj.openjdk.hotspot.jre.full.win32.x86_64_14.0.2.v20200815-0932\jre"/>
    <property name="user.language" value="en"/>
    <property name="java.specification.vendor" value="Oracle Corporation"/>
    <property name="java.vm.info" value="mixed mode"/>
    <property name="java.version" value="14.0.2"/>
    <property name="java.vendor" value="Oracle Corporation"/>
    <property name="maven.home" value="C:\Users\sathish\eclipse-workspace\AdactinProject\EMBEDDED"/>
    <property name="file.separator" value="\"/>
    <property name="java.version.date" value="2020-07-14"/>
    <property name="java.vendor.url.bug" value="https://bugreport.java.com/bugreport/"/>
    <property name="sun.io.unicode.encoding" value="UnicodeLittle"/>
    <property name="sun.cpu.endian" value="little"/>
    <property name="sun.cpu.isalist" value="amd64"/>
  </properties>
  <testcase classname="Scenario: Verify the user able to login application" name="Given : User launches the application" time="0.008"/>
  <testcase classname="Scenario: Verify the user able to login application" name="When : User  enters the valid username in username field" time="0"/>
  <testcase classname="Scenario: Verify the user able to login application" name="And : User enters the valid password in password field" time="0"/>
  <testcase classname="Scenario: Verify the user able to login application" name="And : User click the login button" time="0"/>
  <testcase classname="Scenario: Verify the user able to login application" name="Then : User the verify wheather the Homepage navigates to search Hotelpage" time="0"/>
  <testcase classname="Scenario: Verify the user able to login application" name="Scenario: Verify the user able to login application" time="0"/>
  <testcase classname="Scenario: Verify the user able to search hotel room" name="When : User select the location on location field" time="0.001"/>
  <testcase classname="Scenario: Verify the user able to search hotel room" name="And : User select the hotel on hotel field" time="0"/>
  <testcase classname="Scenario: Verify the user able to search hotel room" name="When : User select the room type in room type field" time="0"/>
  <testcase classname="Scenario: Verify the user able to search hotel room" name="And :  User selcet number of rooms in rooms field" time="0"/>
  <testcase classname="Scenario: Verify the user able to search hotel room" name="When : User enter the check in date in date field" time="0"/>
  <testcase classname="Scenario: Verify the user able to search hotel room" name="And : User enter the check out date in out date field" time="0"/>
  <testcase classname="Scenario: Verify the user able to search hotel room" name="When : User  select  the number of adults in adult field" time="0"/>
  <testcase classname="Scenario: Verify the user able to search hotel room" name="And : User select number of children per room in children field" time="0"/>
  <testcase classname="Scenario: Verify the user able to search hotel room" name="And : User click the search button" time="0"/>
  <testcase classname="Scenario: Verify the user able to search hotel room" name="Then : User verify wheather the Searchhotel page navigates to Selecthotel page" time="0.001"/>
  <testcase classname="Scenario: Verify the user able to search hotel room" name="Scenario: Verify the user able to search hotel room" time="0.002"/>
  <testcase classname="Scenario: Verify the user able to selcet hotel room" name="When : user select and confirm the rooms in room select field" time="0"/>
  <testcase classname="Scenario: Verify the user able to selcet hotel room" name="And : user select the room and continue booking by clicking continue button" time="0"/>
  <testcase classname="Scenario: Verify the user able to selcet hotel room" name="Then : User verify wheather Selecthotel page navigates to Bookahotelpage" time="0"/>
  <testcase classname="Scenario: Verify the user able to selcet hotel room" name="Scenario: Verify the user able to selcet hotel room" time="0.001"/>
  <testcase classname="Scenario: Verify the user able to  book A hotel room" name="When : User enters the user Firstname in firstname field" time="0"/>
  <testcase classname="Scenario: Verify the user able to  book A hotel room" name="And : User enter the user lastname in last name field" time="0"/>
  <testcase classname="Scenario: Verify the user able to  book A hotel room" name="And : User enter the user billing address in address feild" time="0"/>
  <testcase classname="Scenario: Verify the user able to  book A hotel room" name="And : User enter the user credict card details in card feild" time="0"/>
  <testcase classname="Scenario: Verify the user able to  book A hotel room" name="And : User select the user card type in card field" time="0"/>
  <testcase classname="Scenario: Verify the user able to  book A hotel room" name="And : User select the card expiry month in month field" time="0"/>
  <testcase classname="Scenario: Verify the user able to  book A hotel room" name="And : User select the card expiry year in year field" time="0"/>
  <testcase classname="Scenario: Verify the user able to  book A hotel room" name="And : User enters the cvv in cvv field" time="0.001"/>
  <testcase classname="Scenario: Verify the user able to  book A hotel room" name="And : User click the search button in  book a hotel page" time="0.001"/>
  <testcase classname="Scenario: Verify the user able to  book A hotel room" name="Then : User verify wheather the Bookahotel room page to Bookingconfirmation page" time="0"/>
  <testcase classname="Scenario: Verify the user able to  book A hotel room" name="Scenario: Verify the user able to  book A hotel room" time="0.001"/>
  <testcase classname="Scenario: Verify the user able to get booking confirmation" name="When : user click the logout button and exit the app" time="0"/>
  <testcase classname="Scenario: Verify the user able to get booking confirmation" name="Scenario: Verify the user able to get booking confirmation" time="0.001"/>
</testsuite>